Compiling the C compiler identification source file "CMakeCCompilerId.c" failed.
Compiler: /usr/local/opt/riscv/bin/riscv32-unknown-elf-gcc 
Build flags: 
Id flags:  

The output was:
1
/usr/local/opt/riscv/lib/gcc/riscv32-unknown-elf/9.2.0/../../../../riscv32-unknown-elf/bin/ld: cannot find crtbegin.o: No such file or directory
/usr/local/opt/riscv/lib/gcc/riscv32-unknown-elf/9.2.0/../../../../riscv32-unknown-elf/bin/ld: cannot find -lgcc
collect2: error: ld returned 1 exit status


Detecting C compiler ABI info failed to compile with the following output:
Change Dir: /Users/chao.yang/Work/ethos/cmake-build-debug/CMakeFiles/CMakeTmp

Run Build Command(s):/usr/bin/make cmTC_8fd6f/fast && /Library/Developer/CommandLineTools/usr/bin/make -f CMakeFiles/cmTC_8fd6f.dir/build.make CMakeFiles/cmTC_8fd6f.dir/build
Building C object CMakeFiles/cmTC_8fd6f.dir/CMakeCCompilerABI.c.o
/usr/local/opt/riscv/bin/riscv32-unknown-elf-gcc   -isysroot /Library/Developer/CommandLineTools/SDKs/MacOSX10.15.sdk   -v -Wl,-v -o CMakeFiles/cmTC_8fd6f.dir/CMakeCCompilerABI.c.o   -c "/Users/chao.yang/Library/Application Support/JetBrains/Toolbox/apps/CLion/ch-0/193.6911.21/CLion.app/Contents/bin/cmake/mac/share/cmake-3.15/Modules/CMakeCCompilerABI.c"
Using built-in specs.
COLLECT_GCC=/usr/local/opt/riscv/bin/riscv32-unknown-elf-gcc
Target: riscv32-unknown-elf
Configured with: /Users/chao.yang/Work/riscv-gnu-toolchain/riscv-gcc/configure --target=riscv32-unknown-elf --prefix=/usr/local/opt/riscv --disable-shared --disable-threads --disable-tls --enable-languages=c,c++ --with-system-zlib --with-newlib --with-sysroot=/usr/local/opt/riscv/riscv32-unknown-elf --disable-libmudflap --disable-libssp --disable-libquadmath --disable-libgomp --disable-nls --disable-tm-clone-registry --src=.././riscv-gcc --disable-multilib --with-abi=ilp32d --with-arch=rv32gc --with-tune=rocket 'CFLAGS_FOR_TARGET=-Os   -mcmodel=medlow' 'CXXFLAGS_FOR_TARGET=-Os   -mcmodel=medlow'
Thread model: single
gcc version 9.2.0 (GCC) 
COLLECT_GCC_OPTIONS='-isysroot' '/Library/Developer/CommandLineTools/SDKs/MacOSX10.15.sdk' '-v' '-o' 'CMakeFiles/cmTC_8fd6f.dir/CMakeCCompilerABI.c.o' '-c' '-mtune=rocket' '-march=rv32gc' '-mabi=ilp32d'
 /usr/local/opt/riscv/libexec/gcc/riscv32-unknown-elf/9.2.0/cc1 -quiet -v -isysroot /Library/Developer/CommandLineTools/SDKs/MacOSX10.15.sdk /Users/chao.yang/Library/Application Support/JetBrains/Toolbox/apps/CLion/ch-0/193.6911.21/CLion.app/Contents/bin/cmake/mac/share/cmake-3.15/Modules/CMakeCCompilerABI.c -quiet -dumpbase CMakeCCompilerABI.c -mtune=rocket -march=rv32gc -mabi=ilp32d -auxbase-strip CMakeFiles/cmTC_8fd6f.dir/CMakeCCompilerABI.c.o -version -o /var/folders/rk/xy6ws10x0n352c5nytjb27th0000gn/T//cc7XiBjs.s
GNU C17 (GCC) version 9.2.0 (riscv32-unknown-elf)
	compiled by GNU C version 4.2.1 Compatible Apple LLVM 11.0.3 (clang-1103.0.32.29), GMP version 6.2.0, MPFR version 4.0.2, MPC version 1.1.0, isl version isl-0.22.1-GMP

GGC heuristics: --param ggc-min-expand=100 --param ggc-min-heapsize=131072
ignoring nonexistent directory "/Library/Developer/CommandLineTools/SDKs/MacOSX10.15.sdk/usr/local/include"
#include "..." search starts here:
#include <...> search starts here:
 /usr/local/opt/riscv/lib/gcc/riscv32-unknown-elf/9.2.0/include
 /usr/local/opt/riscv/lib/gcc/riscv32-unknown-elf/9.2.0/include-fixed
 /usr/local/opt/riscv/lib/gcc/riscv32-unknown-elf/9.2.0/../../../../riscv32-unknown-elf/include
 /Library/Developer/CommandLineTools/SDKs/MacOSX10.15.sdk/usr/include
End of search list.
GNU C17 (GCC) version 9.2.0 (riscv32-unknown-elf)
	compiled by GNU C version 4.2.1 Compatible Apple LLVM 11.0.3 (clang-1103.0.32.29), GMP version 6.2.0, MPFR version 4.0.2, MPC version 1.1.0, isl version isl-0.22.1-GMP

GGC heuristics: --param ggc-min-expand=100 --param ggc-min-heapsize=131072
Compiler executable checksum: 0492f8b54d31b267704ad699ff966a2c
COLLECT_GCC_OPTIONS='-isysroot' '/Library/Developer/CommandLineTools/SDKs/MacOSX10.15.sdk' '-v' '-o' 'CMakeFiles/cmTC_8fd6f.dir/CMakeCCompilerABI.c.o' '-c' '-mtune=rocket' '-march=rv32gc' '-mabi=ilp32d'
 /usr/local/opt/riscv/lib/gcc/riscv32-unknown-elf/9.2.0/../../../../riscv32-unknown-elf/bin/as -v --traditional-format -march=rv32gc -mabi=ilp32d -o CMakeFiles/cmTC_8fd6f.dir/CMakeCCompilerABI.c.o /var/folders/rk/xy6ws10x0n352c5nytjb27th0000gn/T//cc7XiBjs.s
GNU assembler version 2.34 (riscv32-unknown-elf) using BFD version (GNU Binutils) 2.34
COMPILER_PATH=/usr/local/opt/riscv/libexec/gcc/riscv32-unknown-elf/9.2.0/:/usr/local/opt/riscv/libexec/gcc/riscv32-unknown-elf/9.2.0/:/usr/local/opt/riscv/libexec/gcc/riscv32-unknown-elf/:/usr/local/opt/riscv/lib/gcc/riscv32-unknown-elf/9.2.0/:/usr/local/opt/riscv/lib/gcc/riscv32-unknown-elf/:/usr/local/opt/riscv/lib/gcc/riscv32-unknown-elf/9.2.0/../../../../riscv32-unknown-elf/bin/
LIBRARY_PATH=/usr/local/opt/riscv/lib/gcc/riscv32-unknown-elf/9.2.0/:/usr/local/opt/riscv/lib/gcc/riscv32-unknown-elf/9.2.0/../../../../riscv32-unknown-elf/lib/:/usr/local/opt/riscv/riscv32-unknown-elf/lib/
COLLECT_GCC_OPTIONS='-isysroot' '/Library/Developer/CommandLineTools/SDKs/MacOSX10.15.sdk' '-v' '-o' 'CMakeFiles/cmTC_8fd6f.dir/CMakeCCompilerABI.c.o' '-c' '-mtune=rocket' '-march=rv32gc' '-mabi=ilp32d'
Linking C executable cmTC_8fd6f
"/Users/chao.yang/Library/Application Support/JetBrains/Toolbox/apps/CLion/ch-0/193.6911.21/CLion.app/Contents/bin/cmake/mac/bin/cmake" -E cmake_link_script CMakeFiles/cmTC_8fd6f.dir/link.txt --verbose=1
/usr/local/opt/riscv/bin/riscv32-unknown-elf-gcc   -isysroot /Library/Developer/CommandLineTools/SDKs/MacOSX10.15.sdk -Wl,-search_paths_first -Wl,-headerpad_max_install_names -L/usr/local/opt/libressl/lib -v -Wl,-v CMakeFiles/cmTC_8fd6f.dir/CMakeCCompilerABI.c.o  -o cmTC_8fd6f 
Using built-in specs.
COLLECT_GCC=/usr/local/opt/riscv/bin/riscv32-unknown-elf-gcc
COLLECT_LTO_WRAPPER=/usr/local/opt/riscv/libexec/gcc/riscv32-unknown-elf/9.2.0/lto-wrapper
Target: riscv32-unknown-elf
Configured with: /Users/chao.yang/Work/riscv-gnu-toolchain/riscv-gcc/configure --target=riscv32-unknown-elf --prefix=/usr/local/opt/riscv --disable-shared --disable-threads --disable-tls --enable-languages=c,c++ --with-system-zlib --with-newlib --with-sysroot=/usr/local/opt/riscv/riscv32-unknown-elf --disable-libmudflap --disable-libssp --disable-libquadmath --disable-libgomp --disable-nls --disable-tm-clone-registry --src=.././riscv-gcc --disable-multilib --with-abi=ilp32d --with-arch=rv32gc --with-tune=rocket 'CFLAGS_FOR_TARGET=-Os   -mcmodel=medlow' 'CXXFLAGS_FOR_TARGET=-Os   -mcmodel=medlow'
Thread model: single
gcc version 9.2.0 (GCC) 
COMPILER_PATH=/usr/local/opt/riscv/libexec/gcc/riscv32-unknown-elf/9.2.0/:/usr/local/opt/riscv/libexec/gcc/riscv32-unknown-elf/9.2.0/:/usr/local/opt/riscv/libexec/gcc/riscv32-unknown-elf/:/usr/local/opt/riscv/lib/gcc/riscv32-unknown-elf/9.2.0/:/usr/local/opt/riscv/lib/gcc/riscv32-unknown-elf/:/usr/local/opt/riscv/lib/gcc/riscv32-unknown-elf/9.2.0/../../../../riscv32-unknown-elf/bin/
LIBRARY_PATH=/usr/local/opt/riscv/lib/gcc/riscv32-unknown-elf/9.2.0/:/usr/local/opt/riscv/lib/gcc/riscv32-unknown-elf/9.2.0/../../../../riscv32-unknown-elf/lib/:/usr/local/opt/riscv/riscv32-unknown-elf/lib/
COLLECT_GCC_OPTIONS='-isysroot' '/Library/Developer/CommandLineTools/SDKs/MacOSX10.15.sdk' '-L/usr/local/opt/libressl/lib' '-v' '-o' 'cmTC_8fd6f' '-mtune=rocket' '-march=rv32gc' '-mabi=ilp32d'
 /usr/local/opt/riscv/libexec/gcc/riscv32-unknown-elf/9.2.0/collect2 -plugin /usr/local/opt/riscv/libexec/gcc/riscv32-unknown-elf/9.2.0/liblto_plugin.so -plugin-opt=/usr/local/opt/riscv/libexec/gcc/riscv32-unknown-elf/9.2.0/lto-wrapper -plugin-opt=-fresolution=/var/folders/rk/xy6ws10x0n352c5nytjb27th0000gn/T//ccQzFzkx.res -plugin-opt=-pass-through=-lgcc -plugin-opt=-pass-through=-lc -plugin-opt=-pass-through=-lgloss -plugin-opt=-pass-through=-lgcc --sysroot=/usr/local/opt/riscv/riscv32-unknown-elf -melf32lriscv -o cmTC_8fd6f /usr/local/opt/riscv/lib/gcc/riscv32-unknown-elf/9.2.0/../../../../riscv32-unknown-elf/lib/crt0.o crtbegin.o -L/usr/local/opt/libressl/lib -L/usr/local/opt/riscv/lib/gcc/riscv32-unknown-elf/9.2.0 -L/usr/local/opt/riscv/lib/gcc/riscv32-unknown-elf/9.2.0/../../../../riscv32-unknown-elf/lib -L/usr/local/opt/riscv/riscv32-unknown-elf/lib -search_paths_first -headerpad_max_install_names -v CMakeFiles/cmTC_8fd6f.dir/CMakeCCompilerABI.c.o -lgcc --start-group -lc -lgloss --end-group -lgcc crtend.o
collect2 version 9.2.0
/usr/local/opt/riscv/lib/gcc/riscv32-unknown-elf/9.2.0/../../../../riscv32-unknown-elf/bin/ld -plugin /usr/local/opt/riscv/libexec/gcc/riscv32-unknown-elf/9.2.0/liblto_plugin.so -plugin-opt=/usr/local/opt/riscv/libexec/gcc/riscv32-unknown-elf/9.2.0/lto-wrapper -plugin-opt=-fresolution=/var/folders/rk/xy6ws10x0n352c5nytjb27th0000gn/T//ccQzFzkx.res -plugin-opt=-pass-through=-lgcc -plugin-opt=-pass-through=-lc -plugin-opt=-pass-through=-lgloss -plugin-opt=-pass-through=-lgcc --sysroot=/usr/local/opt/riscv/riscv32-unknown-elf -melf32lriscv -o cmTC_8fd6f /usr/local/opt/riscv/lib/gcc/riscv32-unknown-elf/9.2.0/../../../../riscv32-unknown-elf/lib/crt0.o crtbegin.o -L/usr/local/opt/libressl/lib -L/usr/local/opt/riscv/lib/gcc/riscv32-unknown-elf/9.2.0 -L/usr/local/opt/riscv/lib/gcc/riscv32-unknown-elf/9.2.0/../../../../riscv32-unknown-elf/lib -L/usr/local/opt/riscv/riscv32-unknown-elf/lib -search_paths_first -headerpad_max_install_names -v CMakeFiles/cmTC_8fd6f.dir/CMakeCCompilerABI.c.o -lgcc --start-group -lc -lgloss --end-group -lgcc crtend.o
GNU ld (GNU Binutils) 2.34/usr/local/opt/riscv/lib/gcc/riscv32-unknown-elf/9.2.0/../../../../riscv32-unknown-elf/bin/ld: cannot find crtbegin.o: No such file or directory
/usr/local/opt/riscv/lib/gcc/riscv32-unknown-elf/9.2.0/../../../../riscv32-unknown-elf/bin/ld: cannot find -lgcc
collect2: error: ld returned 1 exit status

make[1]: *** [cmTC_8fd6f] Error 1
make: *** [cmTC_8fd6f/fast] Error 2




